Change Component Footprint: Designator=U Old Footprint=74LVC2G17GW,125 New Footprint=SOT-25
Change Footprint: Footprint Not Found JST_S12B-PHDSS
Change Component Footprint: Designator=U Old Footprint=SOT-25 New Footprint=74LVC2G17GW,125
Change Component Comment : Designator=U Old Comment=AP7366EA-33W5 New Comment=DMG1024UV-7
Change Component Comment : Designator=J Old Comment=BM03B-SRSS-TB New Comment=S12B-PHDSS
Change Component Comment : Designator=U Old Comment=DMG1024UV-7 New Comment=AP7366EA-33W5
Change component parameters: Designator = "J" ("J"); Footprint = "BM03B-SRSS-TB"; UniqueID = "\KZWSEXER" ("\KZWSEXER")
Change component parameters (AddParameter): Name = "Availability"; Value = "Unavailable"; VariantName = "[No Variations]"
Change component parameters (AddParameter): Name = "MF"; Value = "JST Sales"; VariantName = "[No Variations]"
Change component parameters (AddParameter): Name = "MP"; Value = "S8B-PHDSS"; VariantName = "[No Variations]"
Change component parameters (AddParameter): Name = "Package"; Value = "None"; VariantName = "[No Variations]"
Change component parameters (AddParameter): Name = "Price"; Value = "None"; VariantName = "[No Variations]"
Change component parameters (AddParameter): Name = "SnapEDA_Link"; Value = "https://www.snapeda.com/parts/S8B-PHDSS/JST%20Sales%20America%20Inc./view-part/761599/?ref=snap"; VariantName = "[No Variations]"
Change component parameters (AddParameter): Name = "Value"; Value = ""; VariantName = "[No Variations]"
Change component parameters: Designator = "U" ("U"); Footprint = "SOT-25"; UniqueID = "\JVLPWBTU" ("\JVLPWBTU")
Change component parameters (AddParameter): Name = "Availability"; Value = "Unavailable"; VariantName = "[No Variations]"
Change component parameters (AddParameter): Name = "MF"; Value = "Diodes Inc."; VariantName = "[No Variations]"
Change component parameters (AddParameter): Name = "MP"; Value = "DMG1024UV-7"; VariantName = "[No Variations]"
Change component parameters (AddParameter): Name = "Package"; Value = "SOT-563 Diodes Inc."; VariantName = "[No Variations]"
Change component parameters (AddParameter): Name = "Price"; Value = "None"; VariantName = "[No Variations]"
Change component parameters (AddParameter): Name = "SnapEDA_Link"; Value = "https://www.snapeda.com/parts/DMG1024UV-7/Diodes%20Inc./view-part/391731/?ref=snap"; VariantName = "[No Variations]"
Change component parameters (AddParameter): Name = "Value"; Value = ""; VariantName = "[No Variations]"
Change component parameters: Designator = "U" ("U"); Footprint = "74LVC2G17GW,125"; UniqueID = "\KOEETMYU" ("\KOEETMYU")
Add Component: Footprint Not Found LED_SK6812MINI-012
Added Component: Designator=J(BM03B-SRSS-TB)
Add Class Member: Failed to add class member : Component D? SK6812MINI-012
Added Member To Class: ClassName=Calimotion 7 Member=Component J S8B-PHDSS
Added Member To Class: ClassName=Calimotion 7 Member=Component J BM04B-SRSS-TB
Added Member To Class: ClassName=Calimotion 7 Member=Component J BM03B-SRSS-TB
Added Member To Class: ClassName=Calimotion 7 Member=Component U DMG1024UV-7
Added Member To Class: ClassName=Calimotion 7 Member=Component U AP7366EA-33W5
