Added Component: Designator=D?(LED_SK6812MINI-012)
Add component (AddParameter): Name = "Check_prices"; Value = "https://www.snapeda.com/parts/SK6812MINI-012/DONGGUANG+OPSCO+OPTOELECTRONICS+CO.%252C+LTD/view-part/?ref=eda"; VariantName = "[No Variations]"
Add component (AddParameter): Name = "MF"; Value = "DONGGUANG OPSCO OPTOELECTRONICS CO., LTD"; VariantName = "[No Variations]"
Add component (AddParameter): Name = "MP"; Value = "SK6812MINI-012"; VariantName = "[No Variations]"
Add component (AddParameter): Name = "Package"; Value = "Package"; VariantName = "[No Variations]"
Add component (AddParameter): Name = "SnapEDA_Link"; Value = "https://www.snapeda.com/parts/SK6812MINI-012/DONGGUANG+OPSCO+OPTOELECTRONICS+CO.%252C+LTD/view-part/?ref=snap"; VariantName = "[No Variations]"
Add component (AddParameter): Name = "Value"; Value = ""; VariantName = "[No Variations]"
Added Component: Designator=J?(MOLEX_2171840001)
Add component (AddParameter): Name = "Check_prices"; Value = "https://www.snapeda.com/parts/2171840001/Molex/view-part/?ref=eda"; VariantName = "[No Variations]"
Add component (AddParameter): Name = "MF"; Value = "Molex"; VariantName = "[No Variations]"
Add component (AddParameter): Name = "MP"; Value = "2171840001"; VariantName = "[No Variations]"
Add component (AddParameter): Name = "Package"; Value = "None"; VariantName = "[No Variations]"
Add component (AddParameter): Name = "SnapEDA_Link"; Value = "https://www.snapeda.com/parts/2171840001/Molex/view-part/?ref=snap"; VariantName = "[No Variations]"
Add component (AddParameter): Name = "Value"; Value = ""; VariantName = "[No Variations]"
Added Component: Designator=J(1x06 Conn. 2.54mm)
Add Pin To Net: Unknown Pin: Pin C1-1
Add Pin To Net: Unknown Pin: Pin C1-2
Add Pin To Net: Unknown Pin: Pin C2-1
Add Pin To Net: Unknown Pin: Pin C2-2
Add Pin To Net: Unknown Pin: Pin R1-1
Add Pin To Net: Unknown Pin: Pin R1-2
Added Member To Class: ClassName=Calimotion 7 Member=Component * MIC803-29D3VC3
Add Class Member: Failed to add class member : Component C1 Capacitor
Add Class Member: Failed to add class member : Component C2 Capacitor
Added Member To Class: ClassName=Calimotion 7 Member=Component D? SK6812MINI-012
Added Member To Class: ClassName=Calimotion 7 Member=Component J? 2171840001
Added Member To Class: ClassName=Calimotion 7 Member=Component J S8B-PHDSS
Added Member To Class: ClassName=Calimotion 7 Member=Component J S12B-PHDSS
Added Member To Class: ClassName=Calimotion 7 Member=Component J 1x06 Conn. 2.54mm
Added Member To Class: ClassName=Calimotion 7 Member=Component J BM04B-SRSS-TB
Added Member To Class: ClassName=Calimotion 7 Member=Component J BM03B-SRSS-TB
Add Class Member: Failed to add class member : Component R1 Resistor
Added Member To Class: ClassName=Calimotion 7 Member=Component U DMG1024UV-7
