Removed Pin From Net: NetName=VOUT Pin=D1-C
Removed Pin From Net: NetName=LED_OUT_A Pin=D2-C
Removed Pin From Net: NetName=LED_OUT_B Pin=D3-C
Removed Pin From Net: NetName=VCPU Pin=D4-A
Removed Pin From Net: NetName=NetD4_2 Pin=D4-C
Removed Pin From Net: NetName=NetD6_1 Pin=D6-A
Removed Pin From Net: NetName=NetD6_2 Pin=D6-C
Removed Pin From Net: NetName=GND Pin=J3-4
Removed Pin From Net: NetName=GND Pin=J3-5
Removed Pin From Net: NetName=GND Pin=J4-5
Removed Pin From Net: NetName=VBAT Pin=R4-1
Removed Pin From Net: NetName=VBAT Pin=R5-1
Removed Pin From Net: NetName=VBAT Pin=R13-1
Removed Pin From Net: NetName=LED_OUT_B Pin=U2-13
Removed Pin From Net: NetName=LED_OUT_A Pin=U2-14
Removed Pin From Net: NetName=VBAT Pin=VBAT-1
Change Component Designator: OldDesignator=OUTA NewDesignator=TP2
Change Component Designator: OldDesignator=OUTB NewDesignator=TP1
Change Component Designator: OldDesignator=VBAT NewDesignator=TP3
Added Component: Designator=D7(SOD-923)
Add component (AddParameter): Name = "Bin"; Value = "2161 -- CT 198"; VariantName = "[No Variations]"
Add component (AddParameter): Name = "Curr"; Value = "50W"; VariantName = "[No Variations]"
Add component (AddParameter): Name = "FB_PCB_Number"; Value = "DIO_1027"; VariantName = "[No Variations]"
Add component (AddParameter): Name = "Manufacturer"; Value = "On Semiconductor"; VariantName = "[No Variations]"
Add component (AddParameter): Name = "P_Id"; Value = "27"; VariantName = "[No Variations]"
Add component (AddParameter): Name = "Part_number"; Value = "ESD5B5.0ST1G"; VariantName = "[No Variations]"
Add component (AddParameter): Name = "Price"; Value = "0.04790"; VariantName = "[No Variations]"
Add component (AddParameter): Name = "Prod_Id"; Value = "1045"; VariantName = "[No Variations]"
Add component (AddParameter): Name = "Quantity"; Value = "0"; VariantName = "[No Variations]"
Add component (AddParameter): Name = "Voltage"; Value = "5.8V"; VariantName = "[No Variations]"
Added Component: Designator=D8(SOD-923)
Add component (AddParameter): Name = "Bin"; Value = "2161 -- CT 198"; VariantName = "[No Variations]"
Add component (AddParameter): Name = "Curr"; Value = "50W"; VariantName = "[No Variations]"
Add component (AddParameter): Name = "FB_PCB_Number"; Value = "DIO_1027"; VariantName = "[No Variations]"
Add component (AddParameter): Name = "Manufacturer"; Value = "On Semiconductor"; VariantName = "[No Variations]"
Add component (AddParameter): Name = "P_Id"; Value = "27"; VariantName = "[No Variations]"
Add component (AddParameter): Name = "Part_number"; Value = "ESD5B5.0ST1G"; VariantName = "[No Variations]"
Add component (AddParameter): Name = "Price"; Value = "0.04790"; VariantName = "[No Variations]"
Add component (AddParameter): Name = "Prod_Id"; Value = "1045"; VariantName = "[No Variations]"
Add component (AddParameter): Name = "Quantity"; Value = "0"; VariantName = "[No Variations]"
Add component (AddParameter): Name = "Voltage"; Value = "5.8V"; VariantName = "[No Variations]"
Added Component: Designator=D9(SOD-923)
Add component (AddParameter): Name = "Bin"; Value = "2161 -- CT 198"; VariantName = "[No Variations]"
Add component (AddParameter): Name = "Curr"; Value = "50W"; VariantName = "[No Variations]"
Add component (AddParameter): Name = "FB_PCB_Number"; Value = "DIO_1027"; VariantName = "[No Variations]"
Add component (AddParameter): Name = "Manufacturer"; Value = "On Semiconductor"; VariantName = "[No Variations]"
Add component (AddParameter): Name = "P_Id"; Value = "27"; VariantName = "[No Variations]"
Add component (AddParameter): Name = "Part_number"; Value = "ESD5B5.0ST1G"; VariantName = "[No Variations]"
Add component (AddParameter): Name = "Price"; Value = "0.04790"; VariantName = "[No Variations]"
Add component (AddParameter): Name = "Prod_Id"; Value = "1045"; VariantName = "[No Variations]"
Add component (AddParameter): Name = "Quantity"; Value = "0"; VariantName = "[No Variations]"
Add component (AddParameter): Name = "Voltage"; Value = "5.8V"; VariantName = "[No Variations]"
Added Component: Designator=D10(SOD-923)
Add component (AddParameter): Name = "Bin"; Value = "2161 -- CT 198"; VariantName = "[No Variations]"
Add component (AddParameter): Name = "Curr"; Value = "50W"; VariantName = "[No Variations]"
Add component (AddParameter): Name = "FB_PCB_Number"; Value = "DIO_1027"; VariantName = "[No Variations]"
Add component (AddParameter): Name = "Manufacturer"; Value = "On Semiconductor"; VariantName = "[No Variations]"
Add component (AddParameter): Name = "P_Id"; Value = "27"; VariantName = "[No Variations]"
Add component (AddParameter): Name = "Part_number"; Value = "ESD5B5.0ST1G"; VariantName = "[No Variations]"
Add component (AddParameter): Name = "Price"; Value = "0.04790"; VariantName = "[No Variations]"
Add component (AddParameter): Name = "Prod_Id"; Value = "1045"; VariantName = "[No Variations]"
Add component (AddParameter): Name = "Quantity"; Value = "0"; VariantName = "[No Variations]"
Add component (AddParameter): Name = "Voltage"; Value = "5.8V"; VariantName = "[No Variations]"
Add Pin To Net: Unknown Pin: Pin D1-K
Add Pin To Net: Unknown Pin: Pin D2-K
Add Pin To Net: Unknown Pin: Pin D3-K
Add Pin To Net: Unknown Pin: Pin D4-1
Add Pin To Net: Unknown Pin: Pin D4-2
Add Pin To Net: Unknown Pin: Pin D6-1
Add Pin To Net: Unknown Pin: Pin D6-2
Added Pin To Net: NetName=GND Pin=D7-A
Add Pin To Net: Unknown Pin: Pin D7-K
Added Pin To Net: NetName=GND Pin=D8-A
Add Pin To Net: Unknown Pin: Pin D8-K
Added Pin To Net: NetName=GND Pin=D9-A
Add Pin To Net: Unknown Pin: Pin D9-K
Added Pin To Net: NetName=GND Pin=D10-A
Add Pin To Net: Unknown Pin: Pin D10-K
Added Pin To Net: NetName=VCPU Pin=R4-1
Added Pin To Net: NetName=VCPU Pin=R5-1
Added Pin To Net: NetName=VCPU Pin=R13-1
Added Pin To Net: NetName=VUSB Pin=TP3-1
Added Pin To Net: NetName=LED_OUT_A Pin=U2-13
Added Pin To Net: NetName=LED_OUT_B Pin=U2-14
Added Member To Class: ClassName=Calimotion 7 Member=Component D7 TVS
Added Member To Class: ClassName=Calimotion 7 Member=Component D8 TVS
Added Member To Class: ClassName=Calimotion 7 Member=Component D9 TVS
Added Member To Class: ClassName=Calimotion 7 Member=Component D10 TVS
