Added Component: Designator=U(SOT95P280X130-5N)
Add component (AddParameter): Name = "Availability"; Value = "Unavailable"; VariantName = "[No Variations]"
Add component (AddParameter): Name = "MF"; Value = "Torex"; VariantName = "[No Variations]"
Add component (AddParameter): Name = "MP"; Value = "XC6802A42XMR-G"; VariantName = "[No Variations]"
Add component (AddParameter): Name = "Package"; Value = "SOT-753 Torex"; VariantName = "[No Variations]"
Add component (AddParameter): Name = "Price"; Value = "None"; VariantName = "[No Variations]"
Add component (AddParameter): Name = "SnapEDA_Link"; Value = "https://www.snapeda.com/parts/XC6802A42XMR-G/Torex/view-part/378965/?ref=snap"; VariantName = "[No Variations]"
Add component (AddParameter): Name = "Value"; Value = ""; VariantName = "[No Variations]"
Add Pin To Net: Unknown Pin: Pin C1-1
Add Pin To Net: Unknown Pin: Pin C1-2
Add Pin To Net: Unknown Pin: Pin C2-1
Add Pin To Net: Unknown Pin: Pin C2-2
Add Pin To Net: Unknown Pin: Pin R1-1
Add Pin To Net: Unknown Pin: Pin R1-2
Added Member To Class: ClassName=Calimotion 7 Member=Component * MIC803-29D3VC3
Add Class Member: Failed to add class member : Component C1 Capacitor
Add Class Member: Failed to add class member : Component C2 Capacitor
Added Member To Class: ClassName=Calimotion 7 Member=Component J BM04B-SRSS-TB
Added Member To Class: ClassName=Calimotion 7 Member=Component J BM03B-SRSS-TB
Added Member To Class: ClassName=Calimotion 7 Member=Component J S8B-PHDSS
Added Member To Class: ClassName=Calimotion 7 Member=Component Q ADC124EUQ
Add Class Member: Failed to add class member : Component R1 Resistor
Added Member To Class: ClassName=Calimotion 7 Member=Component U DMG1024UV-7
Added Member To Class: ClassName=Calimotion 7 Member=Component U XC6802A42XMR-G
Added Member To Class: ClassName=Calimotion 7 Member=Component U LIS2DE12TR
