Change Component Comment : Designator=D5 Old Comment=Schottky Diode New Comment=SHOTTKY
Change Component Designator: OldDesignator= NewDesignator=J5
Change component parameters: Designator = "D5" ("D5"); Footprint = "SOD-923"; UniqueID = "\JCMABORS" ("\JCMABORS")
Change component parameters (AddParameter): Name = "Availability"; Value = "Unavailable"; VariantName = "[No Variations]"
Change component parameters (AddParameter): Name = "MF"; Value = "ON Semiconductor"; VariantName = "[No Variations]"
Change component parameters (AddParameter): Name = "MP"; Value = "ESD9X5.0ST5G"; VariantName = "[No Variations]"
Change component parameters (AddParameter): Name = "Package"; Value = "SOD-923 ON Semiconductor"; VariantName = "[No Variations]"
Change component parameters (AddParameter): Name = "Price"; Value = "None"; VariantName = "[No Variations]"
Change component parameters (AddParameter): Name = "SnapEDA_Link"; Value = "https://www.snapeda.com/parts/ESD9X5.0ST5G/ON%20Semiconductor/view-part/237761/?ref=snap"; VariantName = "[No Variations]"
Change component parameters (AddParameter): Name = "Value"; Value = ""; VariantName = "[No Variations]"
Add Pin To Net: Unknown Pin: Pin D1-K
Add Pin To Net: Unknown Pin: Pin D2-K
Add Pin To Net: Unknown Pin: Pin D3-K
Add Pin To Net: Unknown Pin: Pin D4-1
Add Pin To Net: Unknown Pin: Pin D4-2
Added Pin To Net: NetName=VUSB_FUSED Pin=D5-A
Added Pin To Net: NetName=NetC10_1 Pin=D5-C
Add Pin To Net: Unknown Pin: Pin D6-1
Add Pin To Net: Unknown Pin: Pin D6-2
Add Pin To Net: Unknown Pin: Pin Q1-D
Add Pin To Net: Unknown Pin: Pin Q1-G
Add Pin To Net: Unknown Pin: Pin Q1-S
Add Pin To Net: Unknown Pin: Pin Q2-D
Add Pin To Net: Unknown Pin: Pin Q2-G
Add Pin To Net: Unknown Pin: Pin Q2-S
Add Pin To Net: Unknown Pin: Pin Q3-D
Add Pin To Net: Unknown Pin: Pin Q3-G
Add Pin To Net: Unknown Pin: Pin Q3-S
Added Member To Class: ClassName=Power_Delivery Member=Component J5 10152803-00011LF
