Change Component Footprint: Designator=J? Old Footprint=MOLEX_2171840001 New Footprint=AMPHENOL_10152803-00011LF
Change Component Comment : Designator=J? Old Comment=2171840001 New Comment=10152803-00011LF
Change component parameters: Designator = "J?" ("J?"); Footprint = "MOLEX_2171840001"; UniqueID = "\BCPGXHMR" ("\BCPGXHMR")
Change component parameters (AddParameter): Name = "Availability"; Value = "In Stock"; VariantName = "[No Variations]"
Change component parameters (AddParameter): Name = "Check_prices"; Value = "https://www.snapeda.com/parts/10152803-00011LF/Amphenol/view-part/?ref=eda"; VariantName = "[No Variations]"
Change component parameters (AddParameter): Name = "MF"; Value = "Amphenol FCI"; VariantName = "[No Variations]"
Change component parameters (AddParameter): Name = "MP"; Value = "10152803-00011LF"; VariantName = "[No Variations]"
Change component parameters (AddParameter): Name = "Package"; Value = "None"; VariantName = "[No Variations]"
Change component parameters (AddParameter): Name = "Price"; Value = "None"; VariantName = "[No Variations]"
Change component parameters (AddParameter): Name = "Purchase-URL"; Value = "https://pricing.snapeda.com/search?q=10152803-00011LF&ref=eda"; VariantName = "[No Variations]"
Change component parameters (AddParameter): Name = "SnapEDA_Link"; Value = "https://www.snapeda.com/parts/10152803-00011LF/Amphenol/view-part/?ref=snap"; VariantName = "[No Variations]"
Change component parameters (AddParameter): Name = "Value"; Value = ""; VariantName = "[No Variations]"
Add Pin To Net: Unknown Pin: Pin C1-1
Add Pin To Net: Unknown Pin: Pin C1-2
Add Pin To Net: Unknown Pin: Pin C2-1
Add Pin To Net: Unknown Pin: Pin C2-2
Add Pin To Net: Unknown Pin: Pin R1-1
Add Pin To Net: Unknown Pin: Pin R1-2
Added Member To Class: ClassName=Calimotion 7 Member=Component * MIC803-29D3VC3
Add Class Member: Failed to add class member : Component C1 Capacitor
Add Class Member: Failed to add class member : Component C2 Capacitor
Added Member To Class: ClassName=Calimotion 7 Member=Component J S12B-PHDSS
Added Member To Class: ClassName=Calimotion 7 Member=Component J S8B-PHDSS
Added Member To Class: ClassName=Calimotion 7 Member=Component J BM04B-SRSS-TB
Added Member To Class: ClassName=Calimotion 7 Member=Component J BM03B-SRSS-TB
Add Class Member: Failed to add class member : Component R1 Resistor
Added Member To Class: ClassName=Calimotion 7 Member=Component U DMG1024UV-7
